<?xml version="1.0" encoding="UTF-8"?>
<!-- Generated by org.testng.reporters.JUnitReportReporter -->
<testsuite skipped="0" hostname="DESKTOP-A4E6276" name="org.amazon.testcases.TC001_BuyProduct" tests="1" failures="0" timestamp="2019-12-14T16:32:46 IST" time="60.610" errors="0">
  <testcase name="BuyProduct" time="60.610" classname="org.amazon.testcases.TC001_BuyProduct"/>
</testsuite> <!-- org.amazon.testcases.TC001_BuyProduct -->
